<?xml version="1.0" encoding="UTF-8"?>
<!-- Generated by org.testng.reporters.JUnitReportReporter -->
<testsuite hostname="RAJI-REDDY" failures="0" tests="1" name="practice.TestNgpractice" time="0.011" errors="0" timestamp="2023-12-14T19:14:26 IST" skipped="0">
  <testcase classname="practice.TestNgpractice" name="Hello" time="0.011"/>
  <system-out/>
</testsuite> <!-- practice.TestNgpractice -->
