<?xml version="1.0" encoding="UTF-8"?>
<!-- Generated by org.testng.reporters.JUnitReportReporter -->
<testsuite hostname="RAJI-REDDY" failures="0" tests="1" name="contactsTests.CreatecontactTest" time="20.836" errors="0" timestamp="2023-12-20T18:48:04 IST" skipped="0">
  <testcase classname="contactsTests.CreatecontactTest" name="createcontactlastname" time="20.836"/>
</testsuite> <!-- contactsTests.CreatecontactTest -->
