<?xml version="1.0" encoding="UTF-8"?>
<!-- Generated by org.testng.reporters.JUnitReportReporter -->
<testsuite hostname="RAJI-REDDY" failures="0" tests="1" name="practice.ContactTest" time="27.229" errors="0" timestamp="2023-12-15T13:55:07 IST" skipped="0">
  <testcase classname="practice.ContactTest" name="createcontactmandatoryfilds" time="27.229"/>
  <system-out/>
</testsuite> <!-- practice.ContactTest -->
