<?xml version="1.0" encoding="UTF-8"?>
<!-- Generated by org.testng.reporters.JUnitReportReporter -->
<testsuite hostname="RAJI-REDDY" failures="0" tests="1" name="practice.Readdata" time="0.013" errors="0" timestamp="2024-02-26T17:07:12 IST" skipped="0">
  <testcase classname="practice.Readdata" name="data" time="0.013"/>
</testsuite> <!-- practice.Readdata -->
