<?xml version="1.0" encoding="UTF-8"?>
<!-- Generated by org.testng.reporters.JUnitReportReporter -->
<testsuite hostname="RAJI-REDDY" failures="0" tests="1" name="contactsTests.Createcontact_1_Test" time="21.145" errors="0" timestamp="2024-03-02T16:46:35 IST" skipped="0">
  <testcase classname="contactsTests.Createcontact_1_Test" name="createcontactlastname" time="21.145"/>
</testsuite> <!-- contactsTests.Createcontact_1_Test -->
